\BOOKMARK [0][-]{chineseabstract.0}{中文摘要}{}% 1
\BOOKMARK [0][-]{englishabstract.0}{英文摘要}{}% 2
\BOOKMARK [0][-]{toc.0}{目录}{}% 3
\BOOKMARK [0][-]{chapter.1}{第一章 绪 论}{}% 4
\BOOKMARK [1][-]{section.1.1}{1.1 研究工作的背景与意义}{chapter.1}% 5
\BOOKMARK [1][-]{section.1.2}{1.2 研究现状}{chapter.1}% 6
\BOOKMARK [2][-]{subsection.1.2.1}{1.2.1 知识图谱研究现状}{section.1.2}% 7
\BOOKMARK [2][-]{subsection.1.2.2}{1.2.2 推理引擎研究现状}{section.1.2}% 8
\BOOKMARK [1][-]{section.1.3}{1.3 研究内容}{chapter.1}% 9
\BOOKMARK [1][-]{section.1.4}{1.4 本论文的组织结构}{chapter.1}% 10
\BOOKMARK [0][-]{chapter.2}{第二章 相关技术和理论}{}% 11
\BOOKMARK [1][-]{section.2.1}{2.1 知识图谱}{chapter.2}% 12
\BOOKMARK [2][-]{subsection.2.1.1}{2.1.1 知识图谱概念}{section.2.1}% 13
\BOOKMARK [2][-]{subsection.2.1.2}{2.1.2 知识图谱模型}{section.2.1}% 14
\BOOKMARK [2][-]{subsection.2.1.3}{2.1.3 知识图谱构建}{section.2.1}% 15
\BOOKMARK [1][-]{section.2.2}{2.2 图数据库}{chapter.2}% 16
\BOOKMARK [2][-]{subsection.2.2.1}{2.2.1 图数据库概述}{section.2.2}% 17
\BOOKMARK [2][-]{subsection.2.2.2}{2.2.2 图数据库Neo4j}{section.2.2}% 18
\BOOKMARK [1][-]{section.2.3}{2.3 自动推理}{chapter.2}% 19
\BOOKMARK [2][-]{subsection.2.3.1}{2.3.1 产生式系统}{section.2.3}% 20
\BOOKMARK [1][-]{section.2.4}{2.4 匹配算法}{chapter.2}% 21
\BOOKMARK [2][-]{subsection.2.4.1}{2.4.1 模式匹配算法}{section.2.4}% 22
\BOOKMARK [2][-]{subsection.2.4.2}{2.4.2 图匹配算法}{section.2.4}% 23
\BOOKMARK [1][-]{section.2.5}{2.5 符号计算平台}{chapter.2}% 24
\BOOKMARK [1][-]{section.2.6}{2.6 本章小结}{chapter.2}% 25
\BOOKMARK [0][-]{chapter.3}{第三章 复杂图推理中的知识表示}{}% 26
\BOOKMARK [1][-]{section.3.1}{3.1 概况}{chapter.3}% 27
\BOOKMARK [1][-]{section.3.2}{3.2 概念知识图谱的构建}{chapter.3}% 28
\BOOKMARK [2][-]{subsection.3.2.1}{3.2.1 知识图谱构成}{section.3.2}% 29
\BOOKMARK [2][-]{subsection.3.2.2}{3.2.2 知识图谱存储}{section.3.2}% 30
\BOOKMARK [2][-]{subsection.3.2.3}{3.2.3 知识图谱的应用}{section.3.2}% 31
\BOOKMARK [1][-]{section.3.3}{3.3 实例化定理库的构建}{chapter.3}% 32
\BOOKMARK [2][-]{subsection.3.3.1}{3.3.1 定理来源}{section.3.3}% 33
\BOOKMARK [2][-]{subsection.3.3.2}{3.3.2 定理库创建}{section.3.3}% 34
\BOOKMARK [2][-]{subsection.3.3.3}{3.3.3 定理书写规范}{section.3.3}% 35
\BOOKMARK [2][-]{subsection.3.3.4}{3.3.4 定理的应用}{section.3.3}% 36
\BOOKMARK [1][-]{section.3.4}{3.4 本章小结}{chapter.3}% 37
\BOOKMARK [0][-]{chapter.4}{第四章 图同构的数学推理引擎的设计和构建}{}% 38
\BOOKMARK [1][-]{section.4.1}{4.1 系统概述}{chapter.4}% 39
\BOOKMARK [1][-]{section.4.2}{4.2 复杂逻辑推理研究}{chapter.4}% 40
\BOOKMARK [2][-]{subsection.4.2.1}{4.2.1 正向推理}{section.4.2}% 41
\BOOKMARK [2][-]{subsection.4.2.2}{4.2.2 逆向推理}{section.4.2}% 42
\BOOKMARK [2][-]{subsection.4.2.3}{4.2.3 正逆结合}{section.4.2}% 43
\BOOKMARK [2][-]{subsection.4.2.4}{4.2.4 先逆后正}{section.4.2}% 44
\BOOKMARK [1][-]{section.4.3}{4.3 图匹配推理引擎的构建与设计}{chapter.4}% 45
\BOOKMARK [2][-]{subsection.4.3.1}{4.3.1 引擎基本设计思想}{section.4.3}% 46
\BOOKMARK [2][-]{subsection.4.3.2}{4.3.2 逻辑架构}{section.4.3}% 47
\BOOKMARK [2][-]{subsection.4.3.3}{4.3.3\040Match\040Engine}{section.4.3}% 48
\BOOKMARK [2][-]{subsection.4.3.4}{4.3.4 匹配原则}{section.4.3}% 49
\BOOKMARK [3][-]{subsubsection.4.3.4.1}{4.3.4.1 子集匹配}{subsection.4.3.4}% 50
\BOOKMARK [3][-]{subsubsection.4.3.4.2}{4.3.4.2 无方向匹配}{subsection.4.3.4}% 51
\BOOKMARK [3][-]{subsubsection.4.3.4.3}{4.3.4.3 组合匹配}{subsection.4.3.4}% 52
\BOOKMARK [3][-]{subsubsection.4.3.4.4}{4.3.4.4 自环匹配}{subsection.4.3.4}% 53
\BOOKMARK [3][-]{subsubsection.4.3.4.5}{4.3.4.5 点映射}{subsection.4.3.4}% 54
\BOOKMARK [2][-]{subsection.4.3.5}{4.3.5 置换等价}{section.4.3}% 55
\BOOKMARK [1][-]{section.4.4}{4.4 知识更新}{chapter.4}% 56
\BOOKMARK [1][-]{section.4.5}{4.5 类人解答过程的构建}{chapter.4}% 57
\BOOKMARK [2][-]{subsection.4.5.1}{4.5.1 构建规则树}{section.4.5}% 58
\BOOKMARK [2][-]{subsection.4.5.2}{4.5.2 重构类人解答}{section.4.5}% 59
\BOOKMARK [1][-]{section.4.6}{4.6 时域积分方程时间步进算法矩阵方程的求解}{chapter.4}% 60
\BOOKMARK [1][-]{section.4.7}{4.7 本章小结}{chapter.4}% 61
\BOOKMARK [0][-]{chapter.5}{第五章 系统测试与分析}{}% 62
\BOOKMARK [1][-]{section.5.1}{5.1 系统测试}{chapter.5}% 63
\BOOKMARK [2][-]{subsection.5.1.1}{5.1.1 单例测试}{section.5.1}% 64
\BOOKMARK [2][-]{subsection.5.1.2}{5.1.2 批量测试}{section.5.1}% 65
\BOOKMARK [1][-]{section.5.2}{5.2 后续工作展望}{chapter.5}% 66
\BOOKMARK [0][-]{chapter.6}{第六章 总结与展望}{}% 67
\BOOKMARK [1][-]{section.6.1}{6.1 全文总结}{chapter.6}% 68
\BOOKMARK [1][-]{section.6.2}{6.2 后续工作展望}{chapter.6}% 69
\BOOKMARK [0][-]{chapter*.35}{致 谢}{}% 70
\BOOKMARK [0][-]{chapter*.36}{参考文献}{}% 71
\BOOKMARK [0][-]{chapter*.37}{附录}{}% 72
\BOOKMARK [0][-]{chapter*.38}{外文资料原文}{}% 73
\BOOKMARK [1][-]{section.6.1}{6.1\040A\040Tight\040Upper\040Bound\040on\040Bit\040Error\040Rate}{chapter*.38}% 74
\BOOKMARK [0][-]{chapter*.39}{外文资料译文}{}% 75
\BOOKMARK [1][-]{section.6.1}{6.1 基于多载波索引键控的正交频分多路复用系统模型}{chapter*.39}% 76
